Loaded 513 datasets from strict 30s runs
Skipping 48 already completed, running 465 remaining
	Warning: Exception caused NeuralNetFastAI to fail during training (ImportError)... Skipping this model.
		Import fastai failed. A quick tip is to install via `pip install autogluon.tabular[fastai]==1.5.0`. 
	Warning: Exception caused NeuralNetFastAI to fail during training (ImportError)... Skipping this model.
		Import fastai failed. A quick tip is to install via `pip install autogluon.tabular[fastai]==1.5.0`. 
	Warning: Exception caused NeuralNetFastAI to fail during training (ImportError)... Skipping this model.
		Import fastai failed. A quick tip is to install via `pip install autogluon.tabular[fastai]==1.5.0`. 
	Warning: Exception caused NeuralNetFastAI to fail during training (ImportError)... Skipping this model.
		Import fastai failed. A quick tip is to install via `pip install autogluon.tabular[fastai]==1.5.0`. 
[W0] 1/117 shuttle                             F=0.9997 AG=0.9993 O=0.9998 → ORCETRA
INFO:flaml.tune.searcher.blendsearch:No low-cost partial config given to the search algorithm. For cost-frugal search, consider providing low-cost values for cost-related hps via 'low_cost_partial_config'. More info can be found at https://microsoft.github.io/FLAML/docs/FAQ#about-low_cost_partial_config-in-tune
[W3] 1/116 elevators                           F=0.0000 AG=0.0000 O=0.0000 → TIE
INFO:flaml.tune.searcher.blendsearch:No low-cost partial config given to the search algorithm. For cost-frugal search, consider providing low-cost values for cost-related hps via 'low_cost_partial_config'. More info can be found at https://microsoft.github.io/FLAML/docs/FAQ#about-low_cost_partial_config-in-tune
[W1] 1/116 bank-marketing                      F=0.9062 AG=0.9040 O=0.9081 → ORCETRA
INFO:flaml.tune.searcher.blendsearch:No low-cost partial config given to the search algorithm. For cost-frugal search, consider providing low-cost values for cost-related hps via 'low_cost_partial_config'. More info can be found at https://microsoft.github.io/FLAML/docs/FAQ#about-low_cost_partial_config-in-tune
[W2] 1/116 letter                              F=0.9715 AG=0.9573 O=0.9708 → FLAML
	Warning: Exception caused NeuralNetFastAI to fail during training (ImportError)... Skipping this model.
		Import fastai failed. A quick tip is to install via `pip install autogluon.tabular[fastai]==1.5.0`. 
INFO:flaml.tune.searcher.blendsearch:No low-cost partial config given to the search algorithm. For cost-frugal search, consider providing low-cost values for cost-related hps via 'low_cost_partial_config'. More info can be found at https://microsoft.github.io/FLAML/docs/FAQ#about-low_cost_partial_config-in-tune
	Warning: Exception caused NeuralNetFastAI to fail during training (ImportError)... Skipping this model.
		Import fastai failed. A quick tip is to install via `pip install autogluon.tabular[fastai]==1.5.0`. 
	Warning: Exception caused NeuralNetFastAI to fail during training (ImportError)... Skipping this model.
		Import fastai failed. A quick tip is to install via `pip install autogluon.tabular[fastai]==1.5.0`. 
[W0] 2/117 Brazilian_houses                    F=1118406.1709 AG=123449.0532 O=1.0815 → ORCETRA
INFO:flaml.tune.searcher.blendsearch:No low-cost partial config given to the search algorithm. For cost-frugal search, consider providing low-cost values for cost-related hps via 'low_cost_partial_config'. More info can be found at https://microsoft.github.io/FLAML/docs/FAQ#about-low_cost_partial_config-in-tune
[W3] 2/116 churn                               F=0.9640 AG=0.9640 O=0.9650 → ORCETRA
INFO:flaml.tune.searcher.blendsearch:No low-cost partial config given to the search algorithm. For cost-frugal search, consider providing low-cost values for cost-related hps via 'low_cost_partial_config'. More info can be found at https://microsoft.github.io/FLAML/docs/FAQ#about-low_cost_partial_config-in-tune
	Warning: Exception caused NeuralNetFastAI to fail during training (ImportError)... Skipping this model.
		Import fastai failed. A quick tip is to install via `pip install autogluon.tabular[fastai]==1.5.0`. 
[W2] 2/116 texture                             F=0.9864 AG=0.9964 O=0.9964 → TIE
INFO:flaml.tune.searcher.blendsearch:No low-cost partial config given to the search algorithm. For cost-frugal search, consider providing low-cost values for cost-related hps via 'low_cost_partial_config'. More info can be found at https://microsoft.github.io/FLAML/docs/FAQ#about-low_cost_partial_config-in-tune
INFO:flaml.tune.searcher.blendsearch:No low-cost partial config given to the search algorithm. For cost-frugal search, consider providing low-cost values for cost-related hps via 'low_cost_partial_config'. More info can be found at https://microsoft.github.io/FLAML/docs/FAQ#about-low_cost_partial_config-in-tune
	Warning: Exception caused NeuralNetFastAI to fail during training (ImportError)... Skipping this model.
		Import fastai failed. A quick tip is to install via `pip install autogluon.tabular[fastai]==1.5.0`. 
[W0] 3/117 SAT11-HAND-runtime-regression       F=1225577.0427 AG=1225202.1518 O=1148355.8821 → ORCETRA
INFO:flaml.tune.searcher.blendsearch:No low-cost partial config given to the search algorithm. For cost-frugal search, consider providing low-cost values for cost-related hps via 'low_cost_partial_config'. More info can be found at https://microsoft.github.io/FLAML/docs/FAQ#about-low_cost_partial_config-in-tune
	Warning: Exception caused NeuralNetFastAI to fail during training (ImportError)... Skipping this model.
		Import fastai failed. A quick tip is to install via `pip install autogluon.tabular[fastai]==1.5.0`. 
[W2] 3/116 kc1                                 F=0.8649 AG=0.8602 O=0.8673 → ORCETRA
INFO:flaml.tune.searcher.blendsearch:No low-cost partial config given to the search algorithm. For cost-frugal search, consider providing low-cost values for cost-related hps via 'low_cost_partial_config'. More info can be found at https://microsoft.github.io/FLAML/docs/FAQ#about-low_cost_partial_config-in-tune
	Warning: Exception caused NeuralNetFastAI to fail during training (ImportError)... Skipping this model.
		Import fastai failed. A quick tip is to install via `pip install autogluon.tabular[fastai]==1.5.0`. 
[W0] 4/117 car                                 F=0.9855 AG=0.9711 O=0.9884 → ORCETRA
INFO:flaml.tune.searcher.blendsearch:No low-cost partial config given to the search algorithm. For cost-frugal search, consider providing low-cost values for cost-related hps via 'low_cost_partial_config'. More info can be found at https://microsoft.github.io/FLAML/docs/FAQ#about-low_cost_partial_config-in-tune
	Warning: Exception caused NeuralNetFastAI to fail during training (ImportError)... Skipping this model.
		Import fastai failed. A quick tip is to install via `pip install autogluon.tabular[fastai]==1.5.0`. 
[W2] 4/116 cmc                                 F=0.5831 AG=0.5966 O=0.6068 → ORCETRA
INFO:flaml.tune.searcher.blendsearch:No low-cost partial config given to the search algorithm. For cost-frugal search, consider providing low-cost values for cost-related hps via 'low_cost_partial_config'. More info can be found at https://microsoft.github.io/FLAML/docs/FAQ#about-low_cost_partial_config-in-tune
	Warning: Exception caused NeuralNetFastAI to fail during training (ImportError)... Skipping this model.
		Import fastai failed. A quick tip is to install via `pip install autogluon.tabular[fastai]==1.5.0`. 
[W0] 5/117 Moneyball                           F=545.5529 AG=521.1886 O=497.6649 → ORCETRA
INFO:flaml.tune.searcher.blendsearch:No low-cost partial config given to the search algorithm. For cost-frugal search, consider providing low-cost values for cost-related hps via 'low_cost_partial_config'. More info can be found at https://microsoft.github.io/FLAML/docs/FAQ#about-low_cost_partial_config-in-tune
	Warning: Exception caused NeuralNetFastAI to fail during training (ImportError)... Skipping this model.
		Import fastai failed. A quick tip is to install via `pip install autogluon.tabular[fastai]==1.5.0`. 
[W2] 5/116 tic-tac-toe                         F=1.0000 AG=1.0000 O=1.0000 → TIE
INFO:flaml.tune.searcher.blendsearch:No low-cost partial config given to the search algorithm. For cost-frugal search, consider providing low-cost values for cost-related hps via 'low_cost_partial_config'. More info can be found at https://microsoft.github.io/FLAML/docs/FAQ#about-low_cost_partial_config-in-tune
[W0] 6/117 pc1                                 F=0.9234 AG=0.9189 O=0.9144 → FLAML
INFO:flaml.tune.searcher.blendsearch:No low-cost partial config given to the search algorithm. For cost-frugal search, consider providing low-cost values for cost-related hps via 'low_cost_partial_config'. More info can be found at https://microsoft.github.io/FLAML/docs/FAQ#about-low_cost_partial_config-in-tune
INFO:flaml.tune.searcher.blendsearch:No low-cost partial config given to the search algorithm. For cost-frugal search, consider providing low-cost values for cost-related hps via 'low_cost_partial_config'. More info can be found at https://microsoft.github.io/FLAML/docs/FAQ#about-low_cost_partial_config-in-tune
	Warning: Exception caused NeuralNetFastAI to fail during training (ImportError)... Skipping this model.
		Import fastai failed. A quick tip is to install via `pip install autogluon.tabular[fastai]==1.5.0`. 
INFO:flaml.tune.searcher.blendsearch:No low-cost partial config given to the search algorithm. For cost-frugal search, consider providing low-cost values for cost-related hps via 'low_cost_partial_config'. More info can be found at https://microsoft.github.io/FLAML/docs/FAQ#about-low_cost_partial_config-in-tune
	Warning: Exception caused NeuralNetFastAI to fail during training (ImportError)... Skipping this model.
		Import fastai failed. A quick tip is to install via `pip install autogluon.tabular[fastai]==1.5.0`. 
[W2] 6/116 analcatdata_authorship              F=0.9941 AG=0.9941 O=1.0000 → ORCETRA
INFO:flaml.tune.searcher.blendsearch:No low-cost partial config given to the search algorithm. For cost-frugal search, consider providing low-cost values for cost-related hps via 'low_cost_partial_config'. More info can be found at https://microsoft.github.io/FLAML/docs/FAQ#about-low_cost_partial_config-in-tune
[W0] 7/117 credit-approval                     F=0.8623 AG=0.8478 O=0.8696 → ORCETRA
INFO:flaml.tune.searcher.blendsearch:No low-cost partial config given to the search algorithm. For cost-frugal search, consider providing low-cost values for cost-related hps via 'low_cost_partial_config'. More info can be found at https://microsoft.github.io/FLAML/docs/FAQ#about-low_cost_partial_config-in-tune
INFO:flaml.tune.searcher.blendsearch:No low-cost partial config given to the search algorithm. For cost-frugal search, consider providing low-cost values for cost-related hps via 'low_cost_partial_config'. More info can be found at https://microsoft.github.io/FLAML/docs/FAQ#about-low_cost_partial_config-in-tune
	Warning: Exception caused NeuralNetFastAI to fail during training (ImportError)... Skipping this model.
		Import fastai failed. A quick tip is to install via `pip install autogluon.tabular[fastai]==1.5.0`. 
INFO:flaml.tune.searcher.blendsearch:No low-cost partial config given to the search algorithm. For cost-frugal search, consider providing low-cost values for cost-related hps via 'low_cost_partial_config'. More info can be found at https://microsoft.github.io/FLAML/docs/FAQ#about-low_cost_partial_config-in-tune
	Warning: Exception caused NeuralNetFastAI to fail during training (ImportError)... Skipping this model.
		Import fastai failed. A quick tip is to install via `pip install autogluon.tabular[fastai]==1.5.0`. 
[W2] 7/116 diabetes                            F=0.7597 AG=0.7662 O=0.7532 → AUTOGLUON
INFO:flaml.tune.searcher.blendsearch:No low-cost partial config given to the search algorithm. For cost-frugal search, consider providing low-cost values for cost-related hps via 'low_cost_partial_config'. More info can be found at https://microsoft.github.io/FLAML/docs/FAQ#about-low_cost_partial_config-in-tune
[W0] 8/117 wdbc                                F=0.9737 AG=0.9649 O=0.9737 → TIE
INFO:flaml.tune.searcher.blendsearch:No low-cost partial config given to the search algorithm. For cost-frugal search, consider providing low-cost values for cost-related hps via 'low_cost_partial_config'. More info can be found at https://microsoft.github.io/FLAML/docs/FAQ#about-low_cost_partial_config-in-tune
	Warning: Exception caused NeuralNetFastAI to fail during training (ImportError)... Skipping this model.
		Import fastai failed. A quick tip is to install via `pip install autogluon.tabular[fastai]==1.5.0`. 
	Warning: Exception caused NeuralNetFastAI to fail during training (ImportError)... Skipping this model.
		Import fastai failed. A quick tip is to install via `pip install autogluon.tabular[fastai]==1.5.0`. 
[W2] 8/116 Australian                          F=0.8478 AG=0.8551 O=0.8768 → ORCETRA
INFO:flaml.tune.searcher.blendsearch:No low-cost partial config given to the search algorithm. For cost-frugal search, consider providing low-cost values for cost-related hps via 'low_cost_partial_config'. More info can be found at https://microsoft.github.io/FLAML/docs/FAQ#about-low_cost_partial_config-in-tune
[W0] 9/117 boston                              F=5.0424 AG=8.8135 O=6.2089 → FLAML
INFO:flaml.tune.searcher.blendsearch:No low-cost partial config given to the search algorithm. For cost-frugal search, consider providing low-cost values for cost-related hps via 'low_cost_partial_config'. More info can be found at https://microsoft.github.io/FLAML/docs/FAQ#about-low_cost_partial_config-in-tune
	Warning: Exception caused NeuralNetFastAI to fail during training (ImportError)... Skipping this model.
		Import fastai failed. A quick tip is to install via `pip install autogluon.tabular[fastai]==1.5.0`. 
[W2] 9/116 mercari_price_suggestion100K        F=0.0000 AG=0.0000 O=0.0000 → TIE
INFO:flaml.tune.searcher.blendsearch:No low-cost partial config given to the search algorithm. For cost-frugal search, consider providing low-cost values for cost-related hps via 'low_cost_partial_config'. More info can be found at https://microsoft.github.io/FLAML/docs/FAQ#about-low_cost_partial_config-in-tune
INFO:flaml.tune.searcher.blendsearch:No low-cost partial config given to the search algorithm. For cost-frugal search, consider providing low-cost values for cost-related hps via 'low_cost_partial_config'. More info can be found at https://microsoft.github.io/FLAML/docs/FAQ#about-low_cost_partial_config-in-tune
	Warning: Exception caused NeuralNetFastAI to fail during training (ImportError)... Skipping this model.
		Import fastai failed. A quick tip is to install via `pip install autogluon.tabular[fastai]==1.5.0`. 
[W2] 10/116 kc2                                 F=0.7714 AG=0.8095 O=0.8571 → ORCETRA
INFO:flaml.tune.searcher.blendsearch:No low-cost partial config given to the search algorithm. For cost-frugal search, consider providing low-cost values for cost-related hps via 'low_cost_partial_config'. More info can be found at https://microsoft.github.io/FLAML/docs/FAQ#about-low_cost_partial_config-in-tune
INFO:flaml.tune.searcher.blendsearch:No low-cost partial config given to the search algorithm. For cost-frugal search, consider providing low-cost values for cost-related hps via 'low_cost_partial_config'. More info can be found at https://microsoft.github.io/FLAML/docs/FAQ#about-low_cost_partial_config-in-tune
	Warning: Exception caused NeuralNetFastAI to fail during training (ImportError)... Skipping this model.
		Import fastai failed. A quick tip is to install via `pip install autogluon.tabular[fastai]==1.5.0`. 
[W2] 11/116 higgs                               F=0.7251 AG=0.7152 O=0.7233 → FLAML
INFO:flaml.tune.searcher.blendsearch:No low-cost partial config given to the search algorithm. For cost-frugal search, consider providing low-cost values for cost-related hps via 'low_cost_partial_config'. More info can be found at https://microsoft.github.io/FLAML/docs/FAQ#about-low_cost_partial_config-in-tune
INFO:flaml.tune.searcher.blendsearch:No low-cost partial config given to the search algorithm. For cost-frugal search, consider providing low-cost values for cost-related hps via 'low_cost_partial_config'. More info can be found at https://microsoft.github.io/FLAML/docs/FAQ#about-low_cost_partial_config-in-tune
	Warning: Exception caused NeuralNetFastAI to fail during training (ImportError)... Skipping this model.
		Import fastai failed. A quick tip is to install via `pip install autogluon.tabular[fastai]==1.5.0`. 
[W2] 12/116 Credit_Score_Classification         F=0.8052 AG=0.8033 O=0.7951 → FLAML
INFO:flaml.tune.searcher.blendsearch:No low-cost partial config given to the search algorithm. For cost-frugal search, consider providing low-cost values for cost-related hps via 'low_cost_partial_config'. More info can be found at https://microsoft.github.io/FLAML/docs/FAQ#about-low_cost_partial_config-in-tune
INFO:flaml.tune.searcher.blendsearch:No low-cost partial config given to the search algorithm. For cost-frugal search, consider providing low-cost values for cost-related hps via 'low_cost_partial_config'. More info can be found at https://microsoft.github.io/FLAML/docs/FAQ#about-low_cost_partial_config-in-tune
	Warning: Exception caused NeuralNetFastAI to fail during training (ImportError)... Skipping this model.
		Import fastai failed. A quick tip is to install via `pip install autogluon.tabular[fastai]==1.5.0`. 
[W2] 13/116 EDA-Home-Mortgage-NY-2              F=0.8250 AG=0.8271 O=0.8204 → AUTOGLUON
INFO:flaml.tune.searcher.blendsearch:No low-cost partial config given to the search algorithm. For cost-frugal search, consider providing low-cost values for cost-related hps via 'low_cost_partial_config'. More info can be found at https://microsoft.github.io/FLAML/docs/FAQ#about-low_cost_partial_config-in-tune
INFO:flaml.tune.searcher.blendsearch:No low-cost partial config given to the search algorithm. For cost-frugal search, consider providing low-cost values for cost-related hps via 'low_cost_partial_config'. More info can be found at https://microsoft.github.io/FLAML/docs/FAQ#about-low_cost_partial_config-in-tune
	Warning: Exception caused NeuralNetFastAI to fail during training (ImportError)... Skipping this model.
		Import fastai failed. A quick tip is to install via `pip install autogluon.tabular[fastai]==1.5.0`. 
[W2] 14/116 EDA-Home-Mortgage-NY-2              F=0.8229 AG=0.8261 O=0.8216 → AUTOGLUON
INFO:flaml.tune.searcher.blendsearch:No low-cost partial config given to the search algorithm. For cost-frugal search, consider providing low-cost values for cost-related hps via 'low_cost_partial_config'. More info can be found at https://microsoft.github.io/FLAML/docs/FAQ#about-low_cost_partial_config-in-tune
	Warning: Exception caused NeuralNetFastAI to fail during training (ImportError)... Skipping this model.
		Import fastai failed. A quick tip is to install via `pip install autogluon.tabular[fastai]==1.5.0`. 
[W2] 15/116 Santander_Customer_Satisfaction     F=0.9601 AG=0.9601 O=0.9599 → TIE
INFO:flaml.tune.searcher.blendsearch:No low-cost partial config given to the search algorithm. For cost-frugal search, consider providing low-cost values for cost-related hps via 'low_cost_partial_config'. More info can be found at https://microsoft.github.io/FLAML/docs/FAQ#about-low_cost_partial_config-in-tune
INFO:flaml.tune.searcher.blendsearch:No low-cost partial config given to the search algorithm. For cost-frugal search, consider providing low-cost values for cost-related hps via 'low_cost_partial_config'. More info can be found at https://microsoft.github.io/FLAML/docs/FAQ#about-low_cost_partial_config-in-tune
	Warning: Exception caused NeuralNetFastAI to fail during training (ImportError)... Skipping this model.
		Import fastai failed. A quick tip is to install via `pip install autogluon.tabular[fastai]==1.5.0`. 
[W2] 16/116 SDSS17                              F=0.9796 AG=0.9787 O=0.9787 → FLAML
INFO:flaml.tune.searcher.blendsearch:No low-cost partial config given to the search algorithm. For cost-frugal search, consider providing low-cost values for cost-related hps via 'low_cost_partial_config'. More info can be found at https://microsoft.github.io/FLAML/docs/FAQ#about-low_cost_partial_config-in-tune
INFO:flaml.tune.searcher.blendsearch:No low-cost partial config given to the search algorithm. For cost-frugal search, consider providing low-cost values for cost-related hps via 'low_cost_partial_config'. More info can be found at https://microsoft.github.io/FLAML/docs/FAQ#about-low_cost_partial_config-in-tune
	Warning: Exception caused NeuralNetFastAI to fail during training (ImportError)... Skipping this model.
		Import fastai failed. A quick tip is to install via `pip install autogluon.tabular[fastai]==1.5.0`. 
[W2] 17/116 MiniBooNE                           F=0.9419 AG=0.9461 O=0.9311 → AUTOGLUON
INFO:flaml.tune.searcher.blendsearch:No low-cost partial config given to the search algorithm. For cost-frugal search, consider providing low-cost values for cost-related hps via 'low_cost_partial_config'. More info can be found at https://microsoft.github.io/FLAML/docs/FAQ#about-low_cost_partial_config-in-tune
INFO:flaml.tune.searcher.blendsearch:No low-cost partial config given to the search algorithm. For cost-frugal search, consider providing low-cost values for cost-related hps via 'low_cost_partial_config'. More info can be found at https://microsoft.github.io/FLAML/docs/FAQ#about-low_cost_partial_config-in-tune
	Warning: Exception caused NeuralNetFastAI to fail during training (ImportError)... Skipping this model.
		Import fastai failed. A quick tip is to install via `pip install autogluon.tabular[fastai]==1.5.0`. 
[W2] 18/116 MiniBooNE                           F=0.9419 AG=0.9465 O=0.9311 → AUTOGLUON
INFO:flaml.tune.searcher.blendsearch:No low-cost partial config given to the search algorithm. For cost-frugal search, consider providing low-cost values for cost-related hps via 'low_cost_partial_config'. More info can be found at https://microsoft.github.io/FLAML/docs/FAQ#about-low_cost_partial_config-in-tune
INFO:flaml.tune.searcher.blendsearch:No low-cost partial config given to the search algorithm. For cost-frugal search, consider providing low-cost values for cost-related hps via 'low_cost_partial_config'. More info can be found at https://microsoft.github.io/FLAML/docs/FAQ#about-low_cost_partial_config-in-tune
	Warning: Exception caused NeuralNetFastAI to fail during training (ImportError)... Skipping this model.
		Import fastai failed. A quick tip is to install via `pip install autogluon.tabular[fastai]==1.5.0`. 
[W2] 19/116 Diabetes130US                       F=0.9158 AG=0.9170 O=0.9171 → ORCETRA
INFO:flaml.tune.searcher.blendsearch:No low-cost partial config given to the search algorithm. For cost-frugal search, consider providing low-cost values for cost-related hps via 'low_cost_partial_config'. More info can be found at https://microsoft.github.io/FLAML/docs/FAQ#about-low_cost_partial_config-in-tune
[W2] 20/116 wave_energy                         F=28121742.4446 AG=61890275.4713 O=5268.2691 → ORCETRA
INFO:flaml.tune.searcher.blendsearch:No low-cost partial config given to the search algorithm. For cost-frugal search, consider providing low-cost values for cost-related hps via 'low_cost_partial_config'. More info can be found at https://microsoft.github.io/FLAML/docs/FAQ#about-low_cost_partial_config-in-tune
INFO:flaml.tune.searcher.blendsearch:No low-cost partial config given to the search algorithm. For cost-frugal search, consider providing low-cost values for cost-related hps via 'low_cost_partial_config'. More info can be found at https://microsoft.github.io/FLAML/docs/FAQ#about-low_cost_partial_config-in-tune
	Warning: Exception caused NeuralNetFastAI to fail during training (ImportError)... Skipping this model.
		Import fastai failed. A quick tip is to install via `pip install autogluon.tabular[fastai]==1.5.0`. 
[W2] 21/116 internet_firewall                   F=0.9986 AG=0.9982 O=0.9986 → TIE
INFO:flaml.tune.searcher.blendsearch:No low-cost partial config given to the search algorithm. For cost-frugal search, consider providing low-cost values for cost-related hps via 'low_cost_partial_config'. More info can be found at https://microsoft.github.io/FLAML/docs/FAQ#about-low_cost_partial_config-in-tune
	Warning: Exception caused NeuralNetFastAI to fail during training (ImportError)... Skipping this model.
		Import fastai failed. A quick tip is to install via `pip install autogluon.tabular[fastai]==1.5.0`. 
[W2] 22/116 mobile_churn                        F=0.8760 AG=0.8770 O=0.8768 → AUTOGLUON
INFO:flaml.tune.searcher.blendsearch:No low-cost partial config given to the search algorithm. For cost-frugal search, consider providing low-cost values for cost-related hps via 'low_cost_partial_config'. More info can be found at https://microsoft.github.io/FLAML/docs/FAQ#about-low_cost_partial_config-in-tune
INFO:flaml.tune.searcher.blendsearch:No low-cost partial config given to the search algorithm. For cost-frugal search, consider providing low-cost values for cost-related hps via 'low_cost_partial_config'. More info can be found at https://microsoft.github.io/FLAML/docs/FAQ#about-low_cost_partial_config-in-tune
	Warning: Exception caused NeuralNetFastAI to fail during training (ImportError)... Skipping this model.
		Import fastai failed. A quick tip is to install via `pip install autogluon.tabular[fastai]==1.5.0`. 
[W2] 23/116 jannis                              F=0.7995 AG=0.8015 O=0.7873 → AUTOGLUON
INFO:flaml.tune.searcher.blendsearch:No low-cost partial config given to the search algorithm. For cost-frugal search, consider providing low-cost values for cost-related hps via 'low_cost_partial_config'. More info can be found at https://microsoft.github.io/FLAML/docs/FAQ#about-low_cost_partial_config-in-tune
	Warning: Exception caused NeuralNetFastAI to fail during training (ImportError)... Skipping this model.
		Import fastai failed. A quick tip is to install via `pip install autogluon.tabular[fastai]==1.5.0`. 
[W2] 24/116 diamonds                            F=0.0071 AG=0.0069 O=0.0079 → AUTOGLUON
INFO:flaml.tune.searcher.blendsearch:No low-cost partial config given to the search algorithm. For cost-frugal search, consider providing low-cost values for cost-related hps via 'low_cost_partial_config'. More info can be found at https://microsoft.github.io/FLAML/docs/FAQ#about-low_cost_partial_config-in-tune
	Warning: Exception caused NeuralNetFastAI to fail during training (ImportError)... Skipping this model.
		Import fastai failed. A quick tip is to install via `pip install autogluon.tabular[fastai]==1.5.0`. 
[W2] 25/116 diamonds                            F=0.0536 AG=0.0532 O=0.0537 → AUTOGLUON
INFO:flaml.tune.searcher.blendsearch:No low-cost partial config given to the search algorithm. For cost-frugal search, consider providing low-cost values for cost-related hps via 'low_cost_partial_config'. More info can be found at https://microsoft.github.io/FLAML/docs/FAQ#about-low_cost_partial_config-in-tune
	Warning: Exception caused NeuralNetFastAI to fail during training (ImportError)... Skipping this model.
		Import fastai failed. A quick tip is to install via `pip install autogluon.tabular[fastai]==1.5.0`. 
[W2] 26/116 seattlecrime6                       F=123089.0452 AG=122559.0299 O=122477.7645 → ORCETRA
INFO:flaml.tune.searcher.blendsearch:No low-cost partial config given to the search algorithm. For cost-frugal search, consider providing low-cost values for cost-related hps via 'low_cost_partial_config'. More info can be found at https://microsoft.github.io/FLAML/docs/FAQ#about-low_cost_partial_config-in-tune
[W2] 27/116 relative_location_of_ct             F=3.0454 AG=1.0764 O=0.6368 → ORCETRA
INFO:flaml.tune.searcher.blendsearch:No low-cost partial config given to the search algorithm. For cost-frugal search, consider providing low-cost values for cost-related hps via 'low_cost_partial_config'. More info can be found at https://microsoft.github.io/FLAML/docs/FAQ#about-low_cost_partial_config-in-tune
INFO:flaml.tune.searcher.blendsearch:No low-cost partial config given to the search algorithm. For cost-frugal search, consider providing low-cost values for cost-related hps via 'low_cost_partial_config'. More info can be found at https://microsoft.github.io/FLAML/docs/FAQ#about-low_cost_partial_config-in-tune
	Warning: Exception caused NeuralNetFastAI to fail during training (ImportError)... Skipping this model.
		Import fastai failed. A quick tip is to install via `pip install autogluon.tabular[fastai]==1.5.0`. 
[W2] 28/116 dataset_credit_risk_file_2          F=0.9999 AG=0.9999 O=1.0000 → ORCETRA
INFO:flaml.tune.searcher.blendsearch:No low-cost partial config given to the search algorithm. For cost-frugal search, consider providing low-cost values for cost-related hps via 'low_cost_partial_config'. More info can be found at https://microsoft.github.io/FLAML/docs/FAQ#about-low_cost_partial_config-in-tune
	Warning: Exception caused NeuralNetFastAI to fail during training (ImportError)... Skipping this model.
		Import fastai failed. A quick tip is to install via `pip install autogluon.tabular[fastai]==1.5.0`. 
[W2] 29/116 diamonds                            F=0.0071 AG=0.0069 O=0.0079 → AUTOGLUON
INFO:flaml.tune.searcher.blendsearch:No low-cost partial config given to the search algorithm. For cost-frugal search, consider providing low-cost values for cost-related hps via 'low_cost_partial_config'. More info can be found at https://microsoft.github.io/FLAML/docs/FAQ#about-low_cost_partial_config-in-tune
	Warning: Exception caused NeuralNetFastAI to fail during training (ImportError)... Skipping this model.
		Import fastai failed. A quick tip is to install via `pip install autogluon.tabular[fastai]==1.5.0`. 
[W2] 30/116 seattlecrime6                       F=142978.0723 AG=143271.8800 O=143217.6037 → FLAML
INFO:flaml.tune.searcher.blendsearch:No low-cost partial config given to the search algorithm. For cost-frugal search, consider providing low-cost values for cost-related hps via 'low_cost_partial_config'. More info can be found at https://microsoft.github.io/FLAML/docs/FAQ#about-low_cost_partial_config-in-tune
	Warning: Exception caused NeuralNetFastAI to fail during training (ImportError)... Skipping this model.
		Import fastai failed. A quick tip is to install via `pip install autogluon.tabular[fastai]==1.5.0`. 
[W2] 31/116 Food_Delivery_Time                  F=54.7287 AG=54.4369 O=54.8072 → AUTOGLUON
INFO:flaml.tune.searcher.blendsearch:No low-cost partial config given to the search algorithm. For cost-frugal search, consider providing low-cost values for cost-related hps via 'low_cost_partial_config'. More info can be found at https://microsoft.github.io/FLAML/docs/FAQ#about-low_cost_partial_config-in-tune
INFO:flaml.tune.searcher.blendsearch:No low-cost partial config given to the search algorithm. For cost-frugal search, consider providing low-cost values for cost-related hps via 'low_cost_partial_config'. More info can be found at https://microsoft.github.io/FLAML/docs/FAQ#about-low_cost_partial_config-in-tune
	Warning: Exception caused NeuralNetFastAI to fail during training (ImportError)... Skipping this model.
		Import fastai failed. A quick tip is to install via `pip install autogluon.tabular[fastai]==1.5.0`. 
[W2] 32/116 Credit_Score_Classification_downsam F=0.7704 AG=0.7670 O=0.7612 → FLAML
INFO:flaml.tune.searcher.blendsearch:No low-cost partial config given to the search algorithm. For cost-frugal search, consider providing low-cost values for cost-related hps via 'low_cost_partial_config'. More info can be found at https://microsoft.github.io/FLAML/docs/FAQ#about-low_cost_partial_config-in-tune
INFO:flaml.tune.searcher.blendsearch:No low-cost partial config given to the search algorithm. For cost-frugal search, consider providing low-cost values for cost-related hps via 'low_cost_partial_config'. More info can be found at https://microsoft.github.io/FLAML/docs/FAQ#about-low_cost_partial_config-in-tune
	Warning: Exception caused NeuralNetFastAI to fail during training (ImportError)... Skipping this model.
		Import fastai failed. A quick tip is to install via `pip install autogluon.tabular[fastai]==1.5.0`. 
[W2] 33/116 bank-marketing                      F=0.9050 AG=0.9034 O=0.9058 → ORCETRA
INFO:flaml.tune.searcher.blendsearch:No low-cost partial config given to the search algorithm. For cost-frugal search, consider providing low-cost values for cost-related hps via 'low_cost_partial_config'. More info can be found at https://microsoft.github.io/FLAML/docs/FAQ#about-low_cost_partial_config-in-tune
	Warning: Exception caused NeuralNetFastAI to fail during training (ImportError)... Skipping this model.
		Import fastai failed. A quick tip is to install via `pip install autogluon.tabular[fastai]==1.5.0`. 
[W2] 34/116 UCC                                 F=0.0047 AG=0.0047 O=0.0048 → AUTOGLUON
INFO:flaml.tune.searcher.blendsearch:No low-cost partial config given to the search algorithm. For cost-frugal search, consider providing low-cost values for cost-related hps via 'low_cost_partial_config'. More info can be found at https://microsoft.github.io/FLAML/docs/FAQ#about-low_cost_partial_config-in-tune
INFO:flaml.tune.searcher.blendsearch:No low-cost partial config given to the search algorithm. For cost-frugal search, consider providing low-cost values for cost-related hps via 'low_cost_partial_config'. More info can be found at https://microsoft.github.io/FLAML/docs/FAQ#about-low_cost_partial_config-in-tune
	Warning: Exception caused NeuralNetFastAI to fail during training (ImportError)... Skipping this model.
		Import fastai failed. A quick tip is to install via `pip install autogluon.tabular[fastai]==1.5.0`. 
[W2] 35/116 Give-Me-Some-Credit-Sampled         F=0.9377 AG=0.9380 O=0.9378 → AUTOGLUON
INFO:flaml.tune.searcher.blendsearch:No low-cost partial config given to the search algorithm. For cost-frugal search, consider providing low-cost values for cost-related hps via 'low_cost_partial_config'. More info can be found at https://microsoft.github.io/FLAML/docs/FAQ#about-low_cost_partial_config-in-tune
INFO:flaml.tune.searcher.blendsearch:No low-cost partial config given to the search algorithm. For cost-frugal search, consider providing low-cost values for cost-related hps via 'low_cost_partial_config'. More info can be found at https://microsoft.github.io/FLAML/docs/FAQ#about-low_cost_partial_config-in-tune
	Warning: Exception caused NeuralNetFastAI to fail during training (ImportError)... Skipping this model.
		Import fastai failed. A quick tip is to install via `pip install autogluon.tabular[fastai]==1.5.0`. 
[W2] 36/116 Give-Me-Some-Credit-Sampled-Preproc F=0.9377 AG=0.9380 O=0.9378 → AUTOGLUON
INFO:flaml.tune.searcher.blendsearch:No low-cost partial config given to the search algorithm. For cost-frugal search, consider providing low-cost values for cost-related hps via 'low_cost_partial_config'. More info can be found at https://microsoft.github.io/FLAML/docs/FAQ#about-low_cost_partial_config-in-tune
INFO:flaml.tune.searcher.blendsearch:No low-cost partial config given to the search algorithm. For cost-frugal search, consider providing low-cost values for cost-related hps via 'low_cost_partial_config'. More info can be found at https://microsoft.github.io/FLAML/docs/FAQ#about-low_cost_partial_config-in-tune
	Warning: Exception caused NeuralNetFastAI to fail during training (ImportError)... Skipping this model.
		Import fastai failed. A quick tip is to install via `pip install autogluon.tabular[fastai]==1.5.0`. 
[W2] 37/116 FOREX_audjpy-hour-Close             F=0.4991 AG=0.5139 O=0.5163 → ORCETRA
INFO:flaml.tune.searcher.blendsearch:No low-cost partial config given to the search algorithm. For cost-frugal search, consider providing low-cost values for cost-related hps via 'low_cost_partial_config'. More info can be found at https://microsoft.github.io/FLAML/docs/FAQ#about-low_cost_partial_config-in-tune
INFO:flaml.tune.searcher.blendsearch:No low-cost partial config given to the search algorithm. For cost-frugal search, consider providing low-cost values for cost-related hps via 'low_cost_partial_config'. More info can be found at https://microsoft.github.io/FLAML/docs/FAQ#about-low_cost_partial_config-in-tune
	Warning: Exception caused NeuralNetFastAI to fail during training (ImportError)... Skipping this model.
		Import fastai failed. A quick tip is to install via `pip install autogluon.tabular[fastai]==1.5.0`. 
[W2] 38/116 FOREX_eurhkd-hour-Close             F=0.5078 AG=0.5038 O=0.5190 → ORCETRA
INFO:flaml.tune.searcher.blendsearch:No low-cost partial config given to the search algorithm. For cost-frugal search, consider providing low-cost values for cost-related hps via 'low_cost_partial_config'. More info can be found at https://microsoft.github.io/FLAML/docs/FAQ#about-low_cost_partial_config-in-tune
INFO:flaml.tune.searcher.blendsearch:No low-cost partial config given to the search algorithm. For cost-frugal search, consider providing low-cost values for cost-related hps via 'low_cost_partial_config'. More info can be found at https://microsoft.github.io/FLAML/docs/FAQ#about-low_cost_partial_config-in-tune
	Warning: Exception caused NeuralNetFastAI to fail during training (ImportError)... Skipping this model.
		Import fastai failed. A quick tip is to install via `pip install autogluon.tabular[fastai]==1.5.0`. 
[W2] 39/116 FOREX_eurnok-hour-High              F=0.6021 AG=0.6088 O=0.6699 → ORCETRA
INFO:flaml.tune.searcher.blendsearch:No low-cost partial config given to the search algorithm. For cost-frugal search, consider providing low-cost values for cost-related hps via 'low_cost_partial_config'. More info can be found at https://microsoft.github.io/FLAML/docs/FAQ#about-low_cost_partial_config-in-tune
INFO:flaml.tune.searcher.blendsearch:No low-cost partial config given to the search algorithm. For cost-frugal search, consider providing low-cost values for cost-related hps via 'low_cost_partial_config'. More info can be found at https://microsoft.github.io/FLAML/docs/FAQ#about-low_cost_partial_config-in-tune
	Warning: Exception caused NeuralNetFastAI to fail during training (ImportError)... Skipping this model.
		Import fastai failed. A quick tip is to install via `pip install autogluon.tabular[fastai]==1.5.0`. 
[W2] 40/116 FOREX_nzdusd-hour-Close             F=0.5006 AG=0.5117 O=0.5189 → ORCETRA
INFO:flaml.tune.searcher.blendsearch:No low-cost partial config given to the search algorithm. For cost-frugal search, consider providing low-cost values for cost-related hps via 'low_cost_partial_config'. More info can be found at https://microsoft.github.io/FLAML/docs/FAQ#about-low_cost_partial_config-in-tune
INFO:flaml.tune.searcher.blendsearch:No low-cost partial config given to the search algorithm. For cost-frugal search, consider providing low-cost values for cost-related hps via 'low_cost_partial_config'. More info can be found at https://microsoft.github.io/FLAML/docs/FAQ#about-low_cost_partial_config-in-tune
	Warning: Exception caused NeuralNetFastAI to fail during training (ImportError)... Skipping this model.
		Import fastai failed. A quick tip is to install via `pip install autogluon.tabular[fastai]==1.5.0`. 
[W2] 41/116 FOREX_euraud-hour-Close             F=0.5070 AG=0.5112 O=0.5120 → ORCETRA
INFO:flaml.tune.searcher.blendsearch:No low-cost partial config given to the search algorithm. For cost-frugal search, consider providing low-cost values for cost-related hps via 'low_cost_partial_config'. More info can be found at https://microsoft.github.io/FLAML/docs/FAQ#about-low_cost_partial_config-in-tune
INFO:flaml.tune.searcher.blendsearch:No low-cost partial config given to the search algorithm. For cost-frugal search, consider providing low-cost values for cost-related hps via 'low_cost_partial_config'. More info can be found at https://microsoft.github.io/FLAML/docs/FAQ#about-low_cost_partial_config-in-tune
	Warning: Exception caused NeuralNetFastAI to fail during training (ImportError)... Skipping this model.
		Import fastai failed. A quick tip is to install via `pip install autogluon.tabular[fastai]==1.5.0`. 
[W2] 42/116 FOREX_audnzd-hour-High              F=0.6444 AG=0.7023 O=0.6991 → AUTOGLUON
INFO:flaml.tune.searcher.blendsearch:No low-cost partial config given to the search algorithm. For cost-frugal search, consider providing low-cost values for cost-related hps via 'low_cost_partial_config'. More info can be found at https://microsoft.github.io/FLAML/docs/FAQ#about-low_cost_partial_config-in-tune
INFO:flaml.tune.searcher.blendsearch:No low-cost partial config given to the search algorithm. For cost-frugal search, consider providing low-cost values for cost-related hps via 'low_cost_partial_config'. More info can be found at https://microsoft.github.io/FLAML/docs/FAQ#about-low_cost_partial_config-in-tune
	Warning: Exception caused NeuralNetFastAI to fail during training (ImportError)... Skipping this model.
		Import fastai failed. A quick tip is to install via `pip install autogluon.tabular[fastai]==1.5.0`. 
[W2] 43/116 FOREX_eurdkk-hour-High              F=0.6333 AG=0.6592 O=0.6550 → AUTOGLUON
INFO:flaml.tune.searcher.blendsearch:No low-cost partial config given to the search algorithm. For cost-frugal search, consider providing low-cost values for cost-related hps via 'low_cost_partial_config'. More info can be found at https://microsoft.github.io/FLAML/docs/FAQ#about-low_cost_partial_config-in-tune
INFO:flaml.tune.searcher.blendsearch:No low-cost partial config given to the search algorithm. For cost-frugal search, consider providing low-cost values for cost-related hps via 'low_cost_partial_config'. More info can be found at https://microsoft.github.io/FLAML/docs/FAQ#about-low_cost_partial_config-in-tune
	Warning: Exception caused NeuralNetFastAI to fail during training (ImportError)... Skipping this model.
		Import fastai failed. A quick tip is to install via `pip install autogluon.tabular[fastai]==1.5.0`. 
[W2] 44/116 Stylized_Meta_Album_PLT_DOC_STY_Ext F=0.9999 AG=1.0000 O=1.0000 → TIE
INFO:flaml.tune.searcher.blendsearch:No low-cost partial config given to the search algorithm. For cost-frugal search, consider providing low-cost values for cost-related hps via 'low_cost_partial_config'. More info can be found at https://microsoft.github.io/FLAML/docs/FAQ#about-low_cost_partial_config-in-tune
INFO:flaml.tune.searcher.blendsearch:No low-cost partial config given to the search algorithm. For cost-frugal search, consider providing low-cost values for cost-related hps via 'low_cost_partial_config'. More info can be found at https://microsoft.github.io/FLAML/docs/FAQ#about-low_cost_partial_config-in-tune
	Warning: Exception caused NeuralNetFastAI to fail during training (ImportError)... Skipping this model.
		Import fastai failed. A quick tip is to install via `pip install autogluon.tabular[fastai]==1.5.0`. 
[W2] 45/116 2dplanes                            F=0.9311 AG=0.9305 O=0.9323 → ORCETRA
INFO:flaml.tune.searcher.blendsearch:No low-cost partial config given to the search algorithm. For cost-frugal search, consider providing low-cost values for cost-related hps via 'low_cost_partial_config'. More info can be found at https://microsoft.github.io/FLAML/docs/FAQ#about-low_cost_partial_config-in-tune
	Warning: Exception caused NeuralNetFastAI to fail during training (ImportError)... Skipping this model.
		Import fastai failed. A quick tip is to install via `pip install autogluon.tabular[fastai]==1.5.0`. 
[W2] 46/116 fried                               F=1.0192 AG=1.0238 O=1.1575 → FLAML
INFO:flaml.tune.searcher.blendsearch:No low-cost partial config given to the search algorithm. For cost-frugal search, consider providing low-cost values for cost-related hps via 'low_cost_partial_config'. More info can be found at https://microsoft.github.io/FLAML/docs/FAQ#about-low_cost_partial_config-in-tune
INFO:flaml.tune.searcher.blendsearch:No low-cost partial config given to the search algorithm. For cost-frugal search, consider providing low-cost values for cost-related hps via 'low_cost_partial_config'. More info can be found at https://microsoft.github.io/FLAML/docs/FAQ#about-low_cost_partial_config-in-tune
	Warning: Exception caused NeuralNetFastAI to fail during training (ImportError)... Skipping this model.
		Import fastai failed. A quick tip is to install via `pip install autogluon.tabular[fastai]==1.5.0`. 
[W2] 47/116 Click_prediction_small              F=0.8400 AG=0.8389 O=0.8383 → FLAML
INFO:flaml.tune.searcher.blendsearch:No low-cost partial config given to the search algorithm. For cost-frugal search, consider providing low-cost values for cost-related hps via 'low_cost_partial_config'. More info can be found at https://microsoft.github.io/FLAML/docs/FAQ#about-low_cost_partial_config-in-tune
INFO:flaml.tune.searcher.blendsearch:No low-cost partial config given to the search algorithm. For cost-frugal search, consider providing low-cost values for cost-related hps via 'low_cost_partial_config'. More info can be found at https://microsoft.github.io/FLAML/docs/FAQ#about-low_cost_partial_config-in-tune
	Warning: Exception caused NeuralNetFastAI to fail during training (ImportError)... Skipping this model.
		Import fastai failed. A quick tip is to install via `pip install autogluon.tabular[fastai]==1.5.0`. 
[W2] 48/116 click_prediction_small              F=0.8322 AG=0.8307 O=0.8318 → FLAML
INFO:flaml.tune.searcher.blendsearch:No low-cost partial config given to the search algorithm. For cost-frugal search, consider providing low-cost values for cost-related hps via 'low_cost_partial_config'. More info can be found at https://microsoft.github.io/FLAML/docs/FAQ#about-low_cost_partial_config-in-tune
INFO:flaml.tune.searcher.blendsearch:No low-cost partial config given to the search algorithm. For cost-frugal search, consider providing low-cost values for cost-related hps via 'low_cost_partial_config'. More info can be found at https://microsoft.github.io/FLAML/docs/FAQ#about-low_cost_partial_config-in-tune
	Warning: Exception caused NeuralNetFastAI to fail during training (ImportError)... Skipping this model.
		Import fastai failed. A quick tip is to install via `pip install autogluon.tabular[fastai]==1.5.0`. 
[W2] 49/116 FOREX_cadchf-hour-Close             F=0.5072 AG=0.5005 O=0.5331 → ORCETRA
INFO:flaml.tune.searcher.blendsearch:No low-cost partial config given to the search algorithm. For cost-frugal search, consider providing low-cost values for cost-related hps via 'low_cost_partial_config'. More info can be found at https://microsoft.github.io/FLAML/docs/FAQ#about-low_cost_partial_config-in-tune
	Warning: Exception caused NeuralNetFastAI to fail during training (ImportError)... Skipping this model.
		Import fastai failed. A quick tip is to install via `pip install autogluon.tabular[fastai]==1.5.0`. 
[W2] 50/116 Dynamically-Generated-Hate-Speech-D F=1.0000 AG=1.0000 O=1.0000 → TIE
INFO:flaml.tune.searcher.blendsearch:No low-cost partial config given to the search algorithm. For cost-frugal search, consider providing low-cost values for cost-related hps via 'low_cost_partial_config'. More info can be found at https://microsoft.github.io/FLAML/docs/FAQ#about-low_cost_partial_config-in-tune
	Warning: Exception caused NeuralNetFastAI to fail during training (ImportError)... Skipping this model.
		Import fastai failed. A quick tip is to install via `pip install autogluon.tabular[fastai]==1.5.0`. 
[W2] 51/116 mv                                  F=0.0040 AG=0.0013 O=0.0011 → ORCETRA
INFO:flaml.tune.searcher.blendsearch:No low-cost partial config given to the search algorithm. For cost-frugal search, consider providing low-cost values for cost-related hps via 'low_cost_partial_config'. More info can be found at https://microsoft.github.io/FLAML/docs/FAQ#about-low_cost_partial_config-in-tune
	Warning: Exception caused NeuralNetFastAI to fail during training (ImportError)... Skipping this model.
		Import fastai failed. A quick tip is to install via `pip install autogluon.tabular[fastai]==1.5.0`. 
[W2] 52/116 cybersecurity_attacks               F=837.8546 AG=836.0543 O=835.4219 → ORCETRA
INFO:flaml.tune.searcher.blendsearch:No low-cost partial config given to the search algorithm. For cost-frugal search, consider providing low-cost values for cost-related hps via 'low_cost_partial_config'. More info can be found at https://microsoft.github.io/FLAML/docs/FAQ#about-low_cost_partial_config-in-tune
	Warning: Exception caused NeuralNetFastAI to fail during training (ImportError)... Skipping this model.
		Import fastai failed. A quick tip is to install via `pip install autogluon.tabular[fastai]==1.5.0`. 
[W2] 53/116 cybersecurity_attacks               F=835.1481 AG=836.7071 O=835.4050 → FLAML
INFO:flaml.tune.searcher.blendsearch:No low-cost partial config given to the search algorithm. For cost-frugal search, consider providing low-cost values for cost-related hps via 'low_cost_partial_config'. More info can be found at https://microsoft.github.io/FLAML/docs/FAQ#about-low_cost_partial_config-in-tune
INFO:flaml.tune.searcher.blendsearch:No low-cost partial config given to the search algorithm. For cost-frugal search, consider providing low-cost values for cost-related hps via 'low_cost_partial_config'. More info can be found at https://microsoft.github.io/FLAML/docs/FAQ#about-low_cost_partial_config-in-tune
	Warning: Exception caused NeuralNetFastAI to fail during training (ImportError)... Skipping this model.
		Import fastai failed. A quick tip is to install via `pip install autogluon.tabular[fastai]==1.5.0`. 
[W2] 54/116 Click_prediction_small              F=0.8343 AG=0.8349 O=0.8374 → ORCETRA
INFO:flaml.tune.searcher.blendsearch:No low-cost partial config given to the search algorithm. For cost-frugal search, consider providing low-cost values for cost-related hps via 'low_cost_partial_config'. More info can be found at https://microsoft.github.io/FLAML/docs/FAQ#about-low_cost_partial_config-in-tune
INFO:flaml.tune.searcher.blendsearch:No low-cost partial config given to the search algorithm. For cost-frugal search, consider providing low-cost values for cost-related hps via 'low_cost_partial_config'. More info can be found at https://microsoft.github.io/FLAML/docs/FAQ#about-low_cost_partial_config-in-tune
[W2] 55/116 electricity                         F=0.9029 AG=0.9019 O=0.8872 → FLAML
INFO:flaml.tune.searcher.blendsearch:No low-cost partial config given to the search algorithm. For cost-frugal search, consider providing low-cost values for cost-related hps via 'low_cost_partial_config'. More info can be found at https://microsoft.github.io/FLAML/docs/FAQ#about-low_cost_partial_config-in-tune
[W2] 56/116 Sberbank_Russian_Housing_Market     F=6086643176871.2373 AG=5941353124721.9678 O=6454852776233.3916 → AUTOGLUON
INFO:flaml.tune.searcher.blendsearch:No low-cost partial config given to the search algorithm. For cost-frugal search, consider providing low-cost values for cost-related hps via 'low_cost_partial_config'. More info can be found at https://microsoft.github.io/FLAML/docs/FAQ#about-low_cost_partial_config-in-tune
	Warning: Exception caused NeuralNetFastAI to fail during training (ImportError)... Skipping this model.
		Import fastai failed. A quick tip is to install via `pip install autogluon.tabular[fastai]==1.5.0`. 
[W2] 57/116 IoT_Agriculture_2024                F=20.5071 AG=20.8838 O=20.9064 → FLAML
INFO:flaml.tune.searcher.blendsearch:No low-cost partial config given to the search algorithm. For cost-frugal search, consider providing low-cost values for cost-related hps via 'low_cost_partial_config'. More info can be found at https://microsoft.github.io/FLAML/docs/FAQ#about-low_cost_partial_config-in-tune
	Warning: Exception caused NeuralNetFastAI to fail during training (ImportError)... Skipping this model.
		Import fastai failed. A quick tip is to install via `pip install autogluon.tabular[fastai]==1.5.0`. 
[W2] 58/116 nomao                               F=0.9726 AG=0.9748 O=0.9727 → AUTOGLUON
INFO:flaml.tune.searcher.blendsearch:No low-cost partial config given to the search algorithm. For cost-frugal search, consider providing low-cost values for cost-related hps via 'low_cost_partial_config'. More info can be found at https://microsoft.github.io/FLAML/docs/FAQ#about-low_cost_partial_config-in-tune
INFO:flaml.tune.searcher.blendsearch:No low-cost partial config given to the search algorithm. For cost-frugal search, consider providing low-cost values for cost-related hps via 'low_cost_partial_config'. More info can be found at https://microsoft.github.io/FLAML/docs/FAQ#about-low_cost_partial_config-in-tune
	Warning: Exception caused NeuralNetFastAI to fail during training (ImportError)... Skipping this model.
		Import fastai failed. A quick tip is to install via `pip install autogluon.tabular[fastai]==1.5.0`. 
[W2] 59/116 adult-census                        F=0.8786 AG=0.8792 O=0.8793 → ORCETRA
INFO:flaml.tune.searcher.blendsearch:No low-cost partial config given to the search algorithm. For cost-frugal search, consider providing low-cost values for cost-related hps via 'low_cost_partial_config'. More info can be found at https://microsoft.github.io/FLAML/docs/FAQ#about-low_cost_partial_config-in-tune
	Warning: Exception caused NeuralNetFastAI to fail during training (ImportError)... Skipping this model.
		Import fastai failed. A quick tip is to install via `pip install autogluon.tabular[fastai]==1.5.0`. 
[W2] 60/116 Meta_Album_MD_6_Mini                F=0.0024 AG=0.0073 O=0.0046 → FLAML
INFO:flaml.tune.searcher.blendsearch:No low-cost partial config given to the search algorithm. For cost-frugal search, consider providing low-cost values for cost-related hps via 'low_cost_partial_config'. More info can be found at https://microsoft.github.io/FLAML/docs/FAQ#about-low_cost_partial_config-in-tune
INFO:flaml.tune.searcher.blendsearch:No low-cost partial config given to the search algorithm. For cost-frugal search, consider providing low-cost values for cost-related hps via 'low_cost_partial_config'. More info can be found at https://microsoft.github.io/FLAML/docs/FAQ#about-low_cost_partial_config-in-tune
	Warning: Exception caused NeuralNetFastAI to fail during training (ImportError)... Skipping this model.
		Import fastai failed. A quick tip is to install via `pip install autogluon.tabular[fastai]==1.5.0`. 
[W2] 61/116 student_depression_dataset          F=0.8391 AG=0.8384 O=0.8380 → FLAML
INFO:flaml.tune.searcher.blendsearch:No low-cost partial config given to the search algorithm. For cost-frugal search, consider providing low-cost values for cost-related hps via 'low_cost_partial_config'. More info can be found at https://microsoft.github.io/FLAML/docs/FAQ#about-low_cost_partial_config-in-tune
	Warning: Exception caused NeuralNetFastAI to fail during training (ImportError)... Skipping this model.
		Import fastai failed. A quick tip is to install via `pip install autogluon.tabular[fastai]==1.5.0`. 
[W2] 62/116 kr-vs-k                             F=0.8885 AG=0.9271 O=0.8423 → AUTOGLUON
INFO:flaml.tune.searcher.blendsearch:No low-cost partial config given to the search algorithm. For cost-frugal search, consider providing low-cost values for cost-related hps via 'low_cost_partial_config'. More info can be found at https://microsoft.github.io/FLAML/docs/FAQ#about-low_cost_partial_config-in-tune
INFO:flaml.tune.searcher.blendsearch:No low-cost partial config given to the search algorithm. For cost-frugal search, consider providing low-cost values for cost-related hps via 'low_cost_partial_config'. More info can be found at https://microsoft.github.io/FLAML/docs/FAQ#about-low_cost_partial_config-in-tune
	Warning: Exception caused NeuralNetFastAI to fail during training (ImportError)... Skipping this model.
		Import fastai failed. A quick tip is to install via `pip install autogluon.tabular[fastai]==1.5.0`. 
[W2] 63/116 dataset_china                       F=1.0000 AG=1.0000 O=1.0000 → TIE
INFO:flaml.tune.searcher.blendsearch:No low-cost partial config given to the search algorithm. For cost-frugal search, consider providing low-cost values for cost-related hps via 'low_cost_partial_config'. More info can be found at https://microsoft.github.io/FLAML/docs/FAQ#about-low_cost_partial_config-in-tune
INFO:flaml.tune.searcher.blendsearch:No low-cost partial config given to the search algorithm. For cost-frugal search, consider providing low-cost values for cost-related hps via 'low_cost_partial_config'. More info can be found at https://microsoft.github.io/FLAML/docs/FAQ#about-low_cost_partial_config-in-tune
	Warning: Exception caused NeuralNetFastAI to fail during training (ImportError)... Skipping this model.
		Import fastai failed. A quick tip is to install via `pip install autogluon.tabular[fastai]==1.5.0`. 
[W2] 64/116 credit_risk_china                   F=1.0000 AG=1.0000 O=1.0000 → TIE
INFO:flaml.tune.searcher.blendsearch:No low-cost partial config given to the search algorithm. For cost-frugal search, consider providing low-cost values for cost-related hps via 'low_cost_partial_config'. More info can be found at https://microsoft.github.io/FLAML/docs/FAQ#about-low_cost_partial_config-in-tune
INFO:flaml.tune.searcher.blendsearch:No low-cost partial config given to the search algorithm. For cost-frugal search, consider providing low-cost values for cost-related hps via 'low_cost_partial_config'. More info can be found at https://microsoft.github.io/FLAML/docs/FAQ#about-low_cost_partial_config-in-tune
	Warning: Exception caused NeuralNetFastAI to fail during training (ImportError)... Skipping this model.
		Import fastai failed. A quick tip is to install via `pip install autogluon.tabular[fastai]==1.5.0`. 
[W2] 65/116 okcupid_stem                        F=0.7401 AG=0.7442 O=0.7419 → AUTOGLUON
INFO:flaml.tune.searcher.blendsearch:No low-cost partial config given to the search algorithm. For cost-frugal search, consider providing low-cost values for cost-related hps via 'low_cost_partial_config'. More info can be found at https://microsoft.github.io/FLAML/docs/FAQ#about-low_cost_partial_config-in-tune
	Warning: Exception caused NeuralNetFastAI to fail during training (ImportError)... Skipping this model.
		Import fastai failed. A quick tip is to install via `pip install autogluon.tabular[fastai]==1.5.0`. 
[W2] 66/116 hate-speech-and-offensive-language  F=0.7739 AG=0.7730 O=0.7755 → ORCETRA
INFO:flaml.tune.searcher.blendsearch:No low-cost partial config given to the search algorithm. For cost-frugal search, consider providing low-cost values for cost-related hps via 'low_cost_partial_config'. More info can be found at https://microsoft.github.io/FLAML/docs/FAQ#about-low_cost_partial_config-in-tune
Loaded 513 datasets from strict 30s runs
Skipping 126 already completed, running 387 remaining
	Warning: Exception caused NeuralNetFastAI to fail during training (ImportError)... Skipping this model.
		Import fastai failed. A quick tip is to install via `pip install autogluon.tabular[fastai]==1.5.0`. 
	Warning: Exception caused NeuralNetFastAI to fail during training (ImportError)... Skipping this model.
		Import fastai failed. A quick tip is to install via `pip install autogluon.tabular[fastai]==1.5.0`. 
[W0] 1/97 topo_2_1                            F=0.0008 AG=0.0008 O=0.0008 → TIE
[W1] 1/97 dna                                 F=0.9608 AG=0.9608 O=0.9655 → ORCETRA
INFO:flaml.tune.searcher.blendsearch:No low-cost partial config given to the search algorithm. For cost-frugal search, consider providing low-cost values for cost-related hps via 'low_cost_partial_config'. More info can be found at https://microsoft.github.io/FLAML/docs/FAQ#about-low_cost_partial_config-in-tune
[W2] 1/97 mfeat-fourier                       F=0.8375 AG=0.8175 O=0.8475 → ORCETRA
INFO:flaml.tune.searcher.blendsearch:No low-cost partial config given to the search algorithm. For cost-frugal search, consider providing low-cost values for cost-related hps via 'low_cost_partial_config'. More info can be found at https://microsoft.github.io/FLAML/docs/FAQ#about-low_cost_partial_config-in-tune
	Warning: Exception caused NeuralNetFastAI to fail during training (ImportError)... Skipping this model.
		Import fastai failed. A quick tip is to install via `pip install autogluon.tabular[fastai]==1.5.0`. 
	Warning: Exception caused NeuralNetFastAI to fail during training (ImportError)... Skipping this model.
		Import fastai failed. A quick tip is to install via `pip install autogluon.tabular[fastai]==1.5.0`. 
[W0] 2/97 banknote-authentication             F=1.0000 AG=1.0000 O=1.0000 → TIE
INFO:flaml.tune.searcher.blendsearch:No low-cost partial config given to the search algorithm. For cost-frugal search, consider providing low-cost values for cost-related hps via 'low_cost_partial_config'. More info can be found at https://microsoft.github.io/FLAML/docs/FAQ#about-low_cost_partial_config-in-tune
[W1] 2/97 MIP-2016-regression                 F=517482493.9830 AG=575746633.3835 O=485282812.6261 → ORCETRA
INFO:flaml.tune.searcher.blendsearch:No low-cost partial config given to the search algorithm. For cost-frugal search, consider providing low-cost values for cost-related hps via 'low_cost_partial_config'. More info can be found at https://microsoft.github.io/FLAML/docs/FAQ#about-low_cost_partial_config-in-tune
INFO:flaml.tune.searcher.blendsearch:No low-cost partial config given to the search algorithm. For cost-frugal search, consider providing low-cost values for cost-related hps via 'low_cost_partial_config'. More info can be found at https://microsoft.github.io/FLAML/docs/FAQ#about-low_cost_partial_config-in-tune
INFO:flaml.tune.searcher.blendsearch:No low-cost partial config given to the search algorithm. For cost-frugal search, consider providing low-cost values for cost-related hps via 'low_cost_partial_config'. More info can be found at https://microsoft.github.io/FLAML/docs/FAQ#about-low_cost_partial_config-in-tune
	Warning: Exception caused NeuralNetFastAI to fail during training (ImportError)... Skipping this model.
		Import fastai failed. A quick tip is to install via `pip install autogluon.tabular[fastai]==1.5.0`. 
	Warning: Exception caused NeuralNetFastAI to fail during training (ImportError)... Skipping this model.
		Import fastai failed. A quick tip is to install via `pip install autogluon.tabular[fastai]==1.5.0`. 
[W0] 3/97 credit-g                            F=0.8200 AG=0.7850 O=0.8100 → FLAML
INFO:flaml.tune.searcher.blendsearch:No low-cost partial config given to the search algorithm. For cost-frugal search, consider providing low-cost values for cost-related hps via 'low_cost_partial_config'. More info can be found at https://microsoft.github.io/FLAML/docs/FAQ#about-low_cost_partial_config-in-tune
[W1] 3/97 eucalyptus                          F=0.6486 AG=0.6689 O=0.6689 → TIE
INFO:flaml.tune.searcher.blendsearch:No low-cost partial config given to the search algorithm. For cost-frugal search, consider providing low-cost values for cost-related hps via 'low_cost_partial_config'. More info can be found at https://microsoft.github.io/FLAML/docs/FAQ#about-low_cost_partial_config-in-tune
INFO:flaml.tune.searcher.blendsearch:No low-cost partial config given to the search algorithm. For cost-frugal search, consider providing low-cost values for cost-related hps via 'low_cost_partial_config'. More info can be found at https://microsoft.github.io/FLAML/docs/FAQ#about-low_cost_partial_config-in-tune
	Warning: Exception caused NeuralNetFastAI to fail during training (ImportError)... Skipping this model.
		Import fastai failed. A quick tip is to install via `pip install autogluon.tabular[fastai]==1.5.0`. 
INFO:flaml.tune.searcher.blendsearch:No low-cost partial config given to the search algorithm. For cost-frugal search, consider providing low-cost values for cost-related hps via 'low_cost_partial_config'. More info can be found at https://microsoft.github.io/FLAML/docs/FAQ#about-low_cost_partial_config-in-tune
	Warning: Exception caused NeuralNetFastAI to fail during training (ImportError)... Skipping this model.
		Import fastai failed. A quick tip is to install via `pip install autogluon.tabular[fastai]==1.5.0`. 
[W0] 4/97 cylinder-bands                      F=0.8333 AG=0.8796 O=0.8519 → AUTOGLUON
INFO:flaml.tune.searcher.blendsearch:No low-cost partial config given to the search algorithm. For cost-frugal search, consider providing low-cost values for cost-related hps via 'low_cost_partial_config'. More info can be found at https://microsoft.github.io/FLAML/docs/FAQ#about-low_cost_partial_config-in-tune
[W1] 4/97 climate-model-simulation-crashes    F=0.9444 AG=0.9630 O=0.9630 → TIE
INFO:flaml.tune.searcher.blendsearch:No low-cost partial config given to the search algorithm. For cost-frugal search, consider providing low-cost values for cost-related hps via 'low_cost_partial_config'. More info can be found at https://microsoft.github.io/FLAML/docs/FAQ#about-low_cost_partial_config-in-tune
INFO:flaml.tune.searcher.blendsearch:No low-cost partial config given to the search algorithm. For cost-frugal search, consider providing low-cost values for cost-related hps via 'low_cost_partial_config'. More info can be found at https://microsoft.github.io/FLAML/docs/FAQ#about-low_cost_partial_config-in-tune
	Warning: Exception caused NeuralNetFastAI to fail during training (ImportError)... Skipping this model.
		Import fastai failed. A quick tip is to install via `pip install autogluon.tabular[fastai]==1.5.0`. 
[W1] 5/97 credit-score-classification-Hzl     F=0.7926 AG=0.8033 O=0.7951 → AUTOGLUON
INFO:flaml.tune.searcher.blendsearch:No low-cost partial config given to the search algorithm. For cost-frugal search, consider providing low-cost values for cost-related hps via 'low_cost_partial_config'. More info can be found at https://microsoft.github.io/FLAML/docs/FAQ#about-low_cost_partial_config-in-tune
	Warning: Exception caused NeuralNetFastAI to fail during training (ImportError)... Skipping this model.
		Import fastai failed. A quick tip is to install via `pip install autogluon.tabular[fastai]==1.5.0`. 
[W1] 6/97 WorkersCompensation                 F=2173423406.4492 AG=2162224266.2065 O=2153778657.0747 → ORCETRA
INFO:flaml.tune.searcher.blendsearch:No low-cost partial config given to the search algorithm. For cost-frugal search, consider providing low-cost values for cost-related hps via 'low_cost_partial_config'. More info can be found at https://microsoft.github.io/FLAML/docs/FAQ#about-low_cost_partial_config-in-tune
INFO:flaml.tune.searcher.blendsearch:No low-cost partial config given to the search algorithm. For cost-frugal search, consider providing low-cost values for cost-related hps via 'low_cost_partial_config'. More info can be found at https://microsoft.github.io/FLAML/docs/FAQ#about-low_cost_partial_config-in-tune
	Warning: Exception caused NeuralNetFastAI to fail during training (ImportError)... Skipping this model.
		Import fastai failed. A quick tip is to install via `pip install autogluon.tabular[fastai]==1.5.0`. 
[W1] 7/97 Run_or_walk_information             F=0.9917 AG=0.9904 O=0.9916 → FLAML
INFO:flaml.tune.searcher.blendsearch:No low-cost partial config given to the search algorithm. For cost-frugal search, consider providing low-cost values for cost-related hps via 'low_cost_partial_config'. More info can be found at https://microsoft.github.io/FLAML/docs/FAQ#about-low_cost_partial_config-in-tune
	Warning: Exception caused NeuralNetFastAI to fail during training (ImportError)... Skipping this model.
		Import fastai failed. A quick tip is to install via `pip install autogluon.tabular[fastai]==1.5.0`. 
[W1] 8/97 kick_starter_funding                F=0.6902 AG=0.6897 O=0.6917 → ORCETRA
INFO:flaml.tune.searcher.blendsearch:No low-cost partial config given to the search algorithm. For cost-frugal search, consider providing low-cost values for cost-related hps via 'low_cost_partial_config'. More info can be found at https://microsoft.github.io/FLAML/docs/FAQ#about-low_cost_partial_config-in-tune
INFO:flaml.tune.searcher.blendsearch:No low-cost partial config given to the search algorithm. For cost-frugal search, consider providing low-cost values for cost-related hps via 'low_cost_partial_config'. More info can be found at https://microsoft.github.io/FLAML/docs/FAQ#about-low_cost_partial_config-in-tune
	Warning: Exception caused NeuralNetFastAI to fail during training (ImportError)... Skipping this model.
		Import fastai failed. A quick tip is to install via `pip install autogluon.tabular[fastai]==1.5.0`. 
[W1] 9/97 KDD98                               F=0.8810 AG=0.8810 O=0.8811 → ORCETRA
INFO:flaml.tune.searcher.blendsearch:No low-cost partial config given to the search algorithm. For cost-frugal search, consider providing low-cost values for cost-related hps via 'low_cost_partial_config'. More info can be found at https://microsoft.github.io/FLAML/docs/FAQ#about-low_cost_partial_config-in-tune
	Warning: Exception caused NeuralNetFastAI to fail during training (ImportError)... Skipping this model.
		Import fastai failed. A quick tip is to install via `pip install autogluon.tabular[fastai]==1.5.0`. 
[W1] 10/97 Santander_Customer_Satisfaction     F=0.9599 AG=0.9601 O=0.9598 → AUTOGLUON
INFO:flaml.tune.searcher.blendsearch:No low-cost partial config given to the search algorithm. For cost-frugal search, consider providing low-cost values for cost-related hps via 'low_cost_partial_config'. More info can be found at https://microsoft.github.io/FLAML/docs/FAQ#about-low_cost_partial_config-in-tune
INFO:flaml.tune.searcher.blendsearch:No low-cost partial config given to the search algorithm. For cost-frugal search, consider providing low-cost values for cost-related hps via 'low_cost_partial_config'. More info can be found at https://microsoft.github.io/FLAML/docs/FAQ#about-low_cost_partial_config-in-tune
	Warning: Exception caused NeuralNetFastAI to fail during training (ImportError)... Skipping this model.
		Import fastai failed. A quick tip is to install via `pip install autogluon.tabular[fastai]==1.5.0`. 
[W1] 11/97 Traffic_violations                  F=0.8038 AG=0.8011 O=0.8008 → FLAML
INFO:flaml.tune.searcher.blendsearch:No low-cost partial config given to the search algorithm. For cost-frugal search, consider providing low-cost values for cost-related hps via 'low_cost_partial_config'. More info can be found at https://microsoft.github.io/FLAML/docs/FAQ#about-low_cost_partial_config-in-tune
INFO:flaml.tune.searcher.blendsearch:No low-cost partial config given to the search algorithm. For cost-frugal search, consider providing low-cost values for cost-related hps via 'low_cost_partial_config'. More info can be found at https://microsoft.github.io/FLAML/docs/FAQ#about-low_cost_partial_config-in-tune
	Warning: Exception caused NeuralNetFastAI to fail during training (ImportError)... Skipping this model.
		Import fastai failed. A quick tip is to install via `pip install autogluon.tabular[fastai]==1.5.0`. 
[W1] 12/97 jigsaw-multilingual-toxic-comment-c F=0.7927 AG=0.7935 O=0.7907 → AUTOGLUON
INFO:flaml.tune.searcher.blendsearch:No low-cost partial config given to the search algorithm. For cost-frugal search, consider providing low-cost values for cost-related hps via 'low_cost_partial_config'. More info can be found at https://microsoft.github.io/FLAML/docs/FAQ#about-low_cost_partial_config-in-tune
INFO:flaml.tune.searcher.blendsearch:No low-cost partial config given to the search algorithm. For cost-frugal search, consider providing low-cost values for cost-related hps via 'low_cost_partial_config'. More info can be found at https://microsoft.github.io/FLAML/docs/FAQ#about-low_cost_partial_config-in-tune
	Warning: Exception caused NeuralNetFastAI to fail during training (ImportError)... Skipping this model.
		Import fastai failed. A quick tip is to install via `pip install autogluon.tabular[fastai]==1.5.0`. 
[W1] 13/97 REASONER                            F=0.8765 AG=0.8743 O=0.8739 → FLAML
INFO:flaml.tune.searcher.blendsearch:No low-cost partial config given to the search algorithm. For cost-frugal search, consider providing low-cost values for cost-related hps via 'low_cost_partial_config'. More info can be found at https://microsoft.github.io/FLAML/docs/FAQ#about-low_cost_partial_config-in-tune
	Warning: Exception caused NeuralNetFastAI to fail during training (ImportError)... Skipping this model.
		Import fastai failed. A quick tip is to install via `pip install autogluon.tabular[fastai]==1.5.0`. 
[W1] 14/97 dating_profile                      F=47.7190 AG=47.3652 O=49.9908 → AUTOGLUON
INFO:flaml.tune.searcher.blendsearch:No low-cost partial config given to the search algorithm. For cost-frugal search, consider providing low-cost values for cost-related hps via 'low_cost_partial_config'. More info can be found at https://microsoft.github.io/FLAML/docs/FAQ#about-low_cost_partial_config-in-tune
INFO:flaml.tune.searcher.blendsearch:No low-cost partial config given to the search algorithm. For cost-frugal search, consider providing low-cost values for cost-related hps via 'low_cost_partial_config'. More info can be found at https://microsoft.github.io/FLAML/docs/FAQ#about-low_cost_partial_config-in-tune
	Warning: Exception caused NeuralNetFastAI to fail during training (ImportError)... Skipping this model.
		Import fastai failed. A quick tip is to install via `pip install autogluon.tabular[fastai]==1.5.0`. 
[W1] 15/97 Otto-Group-Product-Classification-C F=0.8208 AG=0.8187 O=0.8125 → FLAML
INFO:flaml.tune.searcher.blendsearch:No low-cost partial config given to the search algorithm. For cost-frugal search, consider providing low-cost values for cost-related hps via 'low_cost_partial_config'. More info can be found at https://microsoft.github.io/FLAML/docs/FAQ#about-low_cost_partial_config-in-tune
	Warning: Exception caused NeuralNetFastAI to fail during training (ImportError)... Skipping this model.
		Import fastai failed. A quick tip is to install via `pip install autogluon.tabular[fastai]==1.5.0`. 
[W1] 16/97 diamonds                            F=274813.0001 AG=261665.8579 O=281846.5204 → AUTOGLUON
INFO:flaml.tune.searcher.blendsearch:No low-cost partial config given to the search algorithm. For cost-frugal search, consider providing low-cost values for cost-related hps via 'low_cost_partial_config'. More info can be found at https://microsoft.github.io/FLAML/docs/FAQ#about-low_cost_partial_config-in-tune
	Warning: Exception caused NeuralNetFastAI to fail during training (ImportError)... Skipping this model.
		Import fastai failed. A quick tip is to install via `pip install autogluon.tabular[fastai]==1.5.0`. 
[W1] 17/97 diamonds                            F=263616.3367 AG=243280.8435 O=264575.5613 → AUTOGLUON
INFO:flaml.tune.searcher.blendsearch:No low-cost partial config given to the search algorithm. For cost-frugal search, consider providing low-cost values for cost-related hps via 'low_cost_partial_config'. More info can be found at https://microsoft.github.io/FLAML/docs/FAQ#about-low_cost_partial_config-in-tune
	Warning: Exception caused NeuralNetFastAI to fail during training (ImportError)... Skipping this model.
		Import fastai failed. A quick tip is to install via `pip install autogluon.tabular[fastai]==1.5.0`. 
[W1] 18/97 dataset_credit_risk_file_2          F=0.9999 AG=0.9999 O=1.0000 → ORCETRA
INFO:flaml.tune.searcher.blendsearch:No low-cost partial config given to the search algorithm. For cost-frugal search, consider providing low-cost values for cost-related hps via 'low_cost_partial_config'. More info can be found at https://microsoft.github.io/FLAML/docs/FAQ#about-low_cost_partial_config-in-tune
INFO:flaml.tune.searcher.blendsearch:No low-cost partial config given to the search algorithm. For cost-frugal search, consider providing low-cost values for cost-related hps via 'low_cost_partial_config'. More info can be found at https://microsoft.github.io/FLAML/docs/FAQ#about-low_cost_partial_config-in-tune
	Warning: Exception caused NeuralNetFastAI to fail during training (ImportError)... Skipping this model.
		Import fastai failed. A quick tip is to install via `pip install autogluon.tabular[fastai]==1.5.0`. 
[W1] 19/97 adult                               F=0.8698 AG=0.8715 O=0.8719 → ORCETRA
INFO:flaml.tune.searcher.blendsearch:No low-cost partial config given to the search algorithm. For cost-frugal search, consider providing low-cost values for cost-related hps via 'low_cost_partial_config'. More info can be found at https://microsoft.github.io/FLAML/docs/FAQ#about-low_cost_partial_config-in-tune
	Warning: Exception caused NeuralNetFastAI to fail during training (ImportError)... Skipping this model.
		Import fastai failed. A quick tip is to install via `pip install autogluon.tabular[fastai]==1.5.0`. 
[W1] 20/97 NASA_PHM2008_1                      F=1634.1886 AG=1609.3805 O=1651.2732 → AUTOGLUON
INFO:flaml.tune.searcher.blendsearch:No low-cost partial config given to the search algorithm. For cost-frugal search, consider providing low-cost values for cost-related hps via 'low_cost_partial_config'. More info can be found at https://microsoft.github.io/FLAML/docs/FAQ#about-low_cost_partial_config-in-tune
