🔍 Fetching resolved markets...
   Found 1443 resolved markets

============================================================
📊 MURMUR CHECK REPORT — 2026-03-14 08:00
============================================================
  New resolved:    0
  Total checked:   0

🔍 Fetching resolved markets...
   Found 1716 resolved markets

============================================================
📊 MURMUR CHECK REPORT — 2026-03-14 20:00
============================================================
  New resolved:    28
  Total checked:   28
  Beat market:     23/28 (82%)

  By category (new):
          sports:  28 checked, 82% beat mkt
🔍 Fetching resolved markets...
   Found 1625 resolved markets

============================================================
📊 MURMUR CHECK REPORT — 2026-03-15 08:00
============================================================
  New resolved:    9
  Total checked:   37
  Beat market:     31/37 (84%)

  By category (new):
          sports:   9 checked, 89% beat mkt
🔍 Fetching resolved markets...
   Found 1602 resolved markets

============================================================
📊 MURMUR CHECK REPORT — 2026-03-15 20:00
============================================================
  New resolved:    23
  Total checked:   60
  Beat market:     44/60 (73%)

  By category (new):
          sports:  23 checked, 57% beat mkt
🔍 Fetching resolved markets...
   Found 1366 resolved markets

============================================================
📊 MURMUR CHECK REPORT — 2026-03-16 08:00
============================================================
  New resolved:    94
  Total checked:   154
  Beat market:     129/154 (84%)

  By category (new):
            golf:  94 checked, 90% beat mkt
