🔬 Enriching top 20 markets...

[1/20] [science] Will the US confirm that aliens exist before 2027?
Warning: BRAVE_API_KEY not set, returning empty news
Traceback (most recent call last):
  File "/home/guilinzhang/allProjects/murmur/scripts/enrich_top.py", line 200, in <module>
    asyncio.run(main(args.top, args.min_volume))
  File "/usr/lib/python3.12/asyncio/runners.py", line 194, in run
    return runner.run(main)
           ^^^^^^^^^^^^^^^^
  File "/usr/lib/python3.12/asyncio/runners.py", line 118, in run
    return self._loop.run_until_complete(task)
           ^^^^^^^^^^^^^^^^^^^^^^^^^^^^^^^^^^^
  File "/usr/lib/python3.12/asyncio/base_events.py", line 687, in run_until_complete
    return future.result()
           ^^^^^^^^^^^^^^^
  File "/home/guilinzhang/allProjects/murmur/scripts/enrich_top.py", line 153, in main
    result = await enrich_prediction(cid, pred, fetcher, news_collector, strategy)
             ^^^^^^^^^^^^^^^^^^^^^^^^^^^^^^^^^^^^^^^^^^^^^^^^^^^^^^^^^^^^^^^^^^^^^
  File "/home/guilinzhang/allProjects/murmur/scripts/enrich_top.py", line 96, in enrich_prediction
    from murmur.models import Event, Token
ImportError: cannot import name 'Token' from 'murmur.models' (/home/guilinzhang/allProjects/murmur/scripts/../murmur/models.py)
🔬 Enriching top 20 markets...

[1/20] [science] Will the US confirm that aliens exist before 2027?
Warning: BRAVE_API_KEY not set, returning empty news
Traceback (most recent call last):
  File "/home/guilinzhang/allProjects/murmur/scripts/enrich_top.py", line 200, in <module>
    asyncio.run(main(args.top, args.min_volume))
  File "/usr/lib/python3.12/asyncio/runners.py", line 194, in run
    return runner.run(main)
           ^^^^^^^^^^^^^^^^
  File "/usr/lib/python3.12/asyncio/runners.py", line 118, in run
    return self._loop.run_until_complete(task)
           ^^^^^^^^^^^^^^^^^^^^^^^^^^^^^^^^^^^
  File "/usr/lib/python3.12/asyncio/base_events.py", line 687, in run_until_complete
    return future.result()
           ^^^^^^^^^^^^^^^
  File "/home/guilinzhang/allProjects/murmur/scripts/enrich_top.py", line 153, in main
    result = await enrich_prediction(cid, pred, fetcher, news_collector, strategy)
             ^^^^^^^^^^^^^^^^^^^^^^^^^^^^^^^^^^^^^^^^^^^^^^^^^^^^^^^^^^^^^^^^^^^^^
  File "/home/guilinzhang/allProjects/murmur/scripts/enrich_top.py", line 96, in enrich_prediction
    from murmur.models import Event, Token
ImportError: cannot import name 'Token' from 'murmur.models' (/home/guilinzhang/allProjects/murmur/scripts/../murmur/models.py)
🔬 Enriching top 20 markets...

[1/20] [science] Will the US confirm that aliens exist before 2027?
Warning: BRAVE_API_KEY not set, returning empty news
Traceback (most recent call last):
  File "/home/guilinzhang/allProjects/murmur/scripts/enrich_top.py", line 200, in <module>
    asyncio.run(main(args.top, args.min_volume))
  File "/usr/lib/python3.12/asyncio/runners.py", line 194, in run
    return runner.run(main)
           ^^^^^^^^^^^^^^^^
  File "/usr/lib/python3.12/asyncio/runners.py", line 118, in run
    return self._loop.run_until_complete(task)
           ^^^^^^^^^^^^^^^^^^^^^^^^^^^^^^^^^^^
  File "/usr/lib/python3.12/asyncio/base_events.py", line 687, in run_until_complete
    return future.result()
           ^^^^^^^^^^^^^^^
  File "/home/guilinzhang/allProjects/murmur/scripts/enrich_top.py", line 153, in main
    result = await enrich_prediction(cid, pred, fetcher, news_collector, strategy)
             ^^^^^^^^^^^^^^^^^^^^^^^^^^^^^^^^^^^^^^^^^^^^^^^^^^^^^^^^^^^^^^^^^^^^^
  File "/home/guilinzhang/allProjects/murmur/scripts/enrich_top.py", line 96, in enrich_prediction
    from murmur.models import Event, Token
ImportError: cannot import name 'Token' from 'murmur.models' (/home/guilinzhang/allProjects/murmur/scripts/../murmur/models.py)
🔬 Enriching top 20 markets...

[1/20] [science] Will the US confirm that aliens exist before 2027?
Warning: BRAVE_API_KEY not set, returning empty news
Traceback (most recent call last):
  File "/home/guilinzhang/allProjects/murmur/scripts/enrich_top.py", line 200, in <module>
    asyncio.run(main(args.top, args.min_volume))
  File "/usr/lib/python3.12/asyncio/runners.py", line 194, in run
    return runner.run(main)
           ^^^^^^^^^^^^^^^^
  File "/usr/lib/python3.12/asyncio/runners.py", line 118, in run
    return self._loop.run_until_complete(task)
           ^^^^^^^^^^^^^^^^^^^^^^^^^^^^^^^^^^^
  File "/usr/lib/python3.12/asyncio/base_events.py", line 687, in run_until_complete
    return future.result()
           ^^^^^^^^^^^^^^^
  File "/home/guilinzhang/allProjects/murmur/scripts/enrich_top.py", line 153, in main
    result = await enrich_prediction(cid, pred, fetcher, news_collector, strategy)
             ^^^^^^^^^^^^^^^^^^^^^^^^^^^^^^^^^^^^^^^^^^^^^^^^^^^^^^^^^^^^^^^^^^^^^
  File "/home/guilinzhang/allProjects/murmur/scripts/enrich_top.py", line 96, in enrich_prediction
    from murmur.models import Event, Token
ImportError: cannot import name 'Token' from 'murmur.models' (/home/guilinzhang/allProjects/murmur/scripts/../murmur/models.py)
🔬 Enriching top 20 markets...

[1/20] [science] Will the US confirm that aliens exist before 2027?
Warning: BRAVE_API_KEY not set, returning empty news
Traceback (most recent call last):
  File "/home/guilinzhang/allProjects/murmur/scripts/enrich_top.py", line 200, in <module>
    asyncio.run(main(args.top, args.min_volume))
  File "/usr/lib/python3.12/asyncio/runners.py", line 194, in run
    return runner.run(main)
           ^^^^^^^^^^^^^^^^
  File "/usr/lib/python3.12/asyncio/runners.py", line 118, in run
    return self._loop.run_until_complete(task)
           ^^^^^^^^^^^^^^^^^^^^^^^^^^^^^^^^^^^
  File "/usr/lib/python3.12/asyncio/base_events.py", line 687, in run_until_complete
    return future.result()
           ^^^^^^^^^^^^^^^
  File "/home/guilinzhang/allProjects/murmur/scripts/enrich_top.py", line 153, in main
    result = await enrich_prediction(cid, pred, fetcher, news_collector, strategy)
             ^^^^^^^^^^^^^^^^^^^^^^^^^^^^^^^^^^^^^^^^^^^^^^^^^^^^^^^^^^^^^^^^^^^^^
  File "/home/guilinzhang/allProjects/murmur/scripts/enrich_top.py", line 96, in enrich_prediction
    from murmur.models import Event, Token
ImportError: cannot import name 'Token' from 'murmur.models' (/home/guilinzhang/allProjects/murmur/scripts/../murmur/models.py)
🔬 Enriching top 20 markets...

[1/20] [science] Will the US confirm that aliens exist before 2027?
Warning: BRAVE_API_KEY not set, returning empty news
Traceback (most recent call last):
  File "/home/guilinzhang/allProjects/murmur/scripts/enrich_top.py", line 200, in <module>
    asyncio.run(main(args.top, args.min_volume))
  File "/usr/lib/python3.12/asyncio/runners.py", line 194, in run
    return runner.run(main)
           ^^^^^^^^^^^^^^^^
  File "/usr/lib/python3.12/asyncio/runners.py", line 118, in run
    return self._loop.run_until_complete(task)
           ^^^^^^^^^^^^^^^^^^^^^^^^^^^^^^^^^^^
  File "/usr/lib/python3.12/asyncio/base_events.py", line 687, in run_until_complete
    return future.result()
           ^^^^^^^^^^^^^^^
  File "/home/guilinzhang/allProjects/murmur/scripts/enrich_top.py", line 153, in main
    result = await enrich_prediction(cid, pred, fetcher, news_collector, strategy)
             ^^^^^^^^^^^^^^^^^^^^^^^^^^^^^^^^^^^^^^^^^^^^^^^^^^^^^^^^^^^^^^^^^^^^^
  File "/home/guilinzhang/allProjects/murmur/scripts/enrich_top.py", line 96, in enrich_prediction
    from murmur.models import Event, Token
ImportError: cannot import name 'Token' from 'murmur.models' (/home/guilinzhang/allProjects/murmur/scripts/../murmur/models.py)
Traceback (most recent call last):
  File "/home/guilinzhang/allProjects/orcetra/scripts/enrich_top.py", line 18, in <module>
    from orcetra.fetcher import PolymarketFetcher
ModuleNotFoundError: No module named 'orcetra.fetcher'
Traceback (most recent call last):
  File "/home/guilinzhang/allProjects/orcetra/scripts/enrich_top.py", line 18, in <module>
    from orcetra.fetcher import PolymarketFetcher
ModuleNotFoundError: No module named 'orcetra.fetcher'
Traceback (most recent call last):
  File "/home/guilinzhang/allProjects/orcetra/scripts/enrich_top.py", line 18, in <module>
    from orcetra.fetcher import PolymarketFetcher
ModuleNotFoundError: No module named 'orcetra.fetcher'
🔬 Enriching top 20 markets...

[1/20] [science] Will the US confirm that aliens exist before 2027?
Warning: BRAVE_API_KEY not set, returning empty news
Traceback (most recent call last):
  File "/home/guilinzhang/allProjects/orcetra/scripts/enrich_top.py", line 200, in <module>
    asyncio.run(main(args.top, args.min_volume))
  File "/usr/lib/python3.12/asyncio/runners.py", line 194, in run
    return runner.run(main)
           ^^^^^^^^^^^^^^^^
  File "/usr/lib/python3.12/asyncio/runners.py", line 118, in run
    return self._loop.run_until_complete(task)
           ^^^^^^^^^^^^^^^^^^^^^^^^^^^^^^^^^^^
  File "/usr/lib/python3.12/asyncio/base_events.py", line 687, in run_until_complete
    return future.result()
           ^^^^^^^^^^^^^^^
  File "/home/guilinzhang/allProjects/orcetra/scripts/enrich_top.py", line 153, in main
    result = await enrich_prediction(cid, pred, fetcher, news_collector, strategy)
             ^^^^^^^^^^^^^^^^^^^^^^^^^^^^^^^^^^^^^^^^^^^^^^^^^^^^^^^^^^^^^^^^^^^^^
  File "/home/guilinzhang/allProjects/orcetra/scripts/enrich_top.py", line 96, in enrich_prediction
    from _deprecated_murmur.models import Event, Token
ImportError: cannot import name 'Token' from '_deprecated_murmur.models' (/home/guilinzhang/allProjects/orcetra/scripts/../_deprecated_murmur/models.py)
🔬 Enriching top 20 markets...

[1/20] [science] Will the US confirm that aliens exist before 2027?
Warning: BRAVE_API_KEY not set, returning empty news
Traceback (most recent call last):
  File "/home/guilinzhang/allProjects/orcetra/scripts/enrich_top.py", line 200, in <module>
    asyncio.run(main(args.top, args.min_volume))
  File "/usr/lib/python3.12/asyncio/runners.py", line 194, in run
    return runner.run(main)
           ^^^^^^^^^^^^^^^^
  File "/usr/lib/python3.12/asyncio/runners.py", line 118, in run
    return self._loop.run_until_complete(task)
           ^^^^^^^^^^^^^^^^^^^^^^^^^^^^^^^^^^^
  File "/usr/lib/python3.12/asyncio/base_events.py", line 687, in run_until_complete
    return future.result()
           ^^^^^^^^^^^^^^^
  File "/home/guilinzhang/allProjects/orcetra/scripts/enrich_top.py", line 153, in main
    result = await enrich_prediction(cid, pred, fetcher, news_collector, strategy)
             ^^^^^^^^^^^^^^^^^^^^^^^^^^^^^^^^^^^^^^^^^^^^^^^^^^^^^^^^^^^^^^^^^^^^^
  File "/home/guilinzhang/allProjects/orcetra/scripts/enrich_top.py", line 96, in enrich_prediction
    from _deprecated_murmur.models import Event, Token
ImportError: cannot import name 'Token' from '_deprecated_murmur.models' (/home/guilinzhang/allProjects/orcetra/scripts/../_deprecated_murmur/models.py)
🔬 Enriching top 20 markets...

[1/20] [science] Will the US confirm that aliens exist before 2027?
Warning: BRAVE_API_KEY not set, returning empty news
Traceback (most recent call last):
  File "/home/guilinzhang/allProjects/orcetra/scripts/enrich_top.py", line 200, in <module>
    asyncio.run(main(args.top, args.min_volume))
  File "/usr/lib/python3.12/asyncio/runners.py", line 194, in run
    return runner.run(main)
           ^^^^^^^^^^^^^^^^
  File "/usr/lib/python3.12/asyncio/runners.py", line 118, in run
    return self._loop.run_until_complete(task)
           ^^^^^^^^^^^^^^^^^^^^^^^^^^^^^^^^^^^
  File "/usr/lib/python3.12/asyncio/base_events.py", line 687, in run_until_complete
    return future.result()
           ^^^^^^^^^^^^^^^
  File "/home/guilinzhang/allProjects/orcetra/scripts/enrich_top.py", line 153, in main
    result = await enrich_prediction(cid, pred, fetcher, news_collector, strategy)
             ^^^^^^^^^^^^^^^^^^^^^^^^^^^^^^^^^^^^^^^^^^^^^^^^^^^^^^^^^^^^^^^^^^^^^
  File "/home/guilinzhang/allProjects/orcetra/scripts/enrich_top.py", line 96, in enrich_prediction
    from _deprecated_murmur.models import Event, Token
ImportError: cannot import name 'Token' from '_deprecated_murmur.models' (/home/guilinzhang/allProjects/orcetra/scripts/../_deprecated_murmur/models.py)
🔬 Enriching top 20 markets...

[1/20] [science] Will the US confirm that aliens exist before 2027?
Warning: BRAVE_API_KEY not set, returning empty news
Traceback (most recent call last):
  File "/home/guilinzhang/allProjects/orcetra/scripts/enrich_top.py", line 200, in <module>
    asyncio.run(main(args.top, args.min_volume))
  File "/usr/lib/python3.12/asyncio/runners.py", line 194, in run
    return runner.run(main)
           ^^^^^^^^^^^^^^^^
  File "/usr/lib/python3.12/asyncio/runners.py", line 118, in run
    return self._loop.run_until_complete(task)
           ^^^^^^^^^^^^^^^^^^^^^^^^^^^^^^^^^^^
  File "/usr/lib/python3.12/asyncio/base_events.py", line 687, in run_until_complete
    return future.result()
           ^^^^^^^^^^^^^^^
  File "/home/guilinzhang/allProjects/orcetra/scripts/enrich_top.py", line 153, in main
    result = await enrich_prediction(cid, pred, fetcher, news_collector, strategy)
             ^^^^^^^^^^^^^^^^^^^^^^^^^^^^^^^^^^^^^^^^^^^^^^^^^^^^^^^^^^^^^^^^^^^^^
  File "/home/guilinzhang/allProjects/orcetra/scripts/enrich_top.py", line 96, in enrich_prediction
    from _deprecated_murmur.models import Event, Token
ImportError: cannot import name 'Token' from '_deprecated_murmur.models' (/home/guilinzhang/allProjects/orcetra/scripts/../_deprecated_murmur/models.py)
🔬 Enriching top 20 markets...

[1/20] [science] Will the US confirm that aliens exist before 2027?
Warning: BRAVE_API_KEY not set, returning empty news
Traceback (most recent call last):
  File "/home/guilinzhang/allProjects/orcetra/scripts/enrich_top.py", line 200, in <module>
    asyncio.run(main(args.top, args.min_volume))
  File "/usr/lib/python3.12/asyncio/runners.py", line 194, in run
    return runner.run(main)
           ^^^^^^^^^^^^^^^^
  File "/usr/lib/python3.12/asyncio/runners.py", line 118, in run
    return self._loop.run_until_complete(task)
           ^^^^^^^^^^^^^^^^^^^^^^^^^^^^^^^^^^^
  File "/usr/lib/python3.12/asyncio/base_events.py", line 687, in run_until_complete
    return future.result()
           ^^^^^^^^^^^^^^^
  File "/home/guilinzhang/allProjects/orcetra/scripts/enrich_top.py", line 153, in main
    result = await enrich_prediction(cid, pred, fetcher, news_collector, strategy)
             ^^^^^^^^^^^^^^^^^^^^^^^^^^^^^^^^^^^^^^^^^^^^^^^^^^^^^^^^^^^^^^^^^^^^^
  File "/home/guilinzhang/allProjects/orcetra/scripts/enrich_top.py", line 96, in enrich_prediction
    from _deprecated_murmur.models import Event, Token
ImportError: cannot import name 'Token' from '_deprecated_murmur.models' (/home/guilinzhang/allProjects/orcetra/scripts/../_deprecated_murmur/models.py)
